<?xml version="1.0" encoding="UTF-8" ?>

<testsuite failures="0" time="0.029" errors="0" skipped="0" tests="1" name="unit.PublicacionUnitTest">
  <testcase classname="unit.PublicacionUnitTest" name="testPublicacion" time="0.029">
      </testcase>
</testsuite>